Using pre-set license
Built from '2020.3/staging' branch; Version is '2020.3.4f1 (0abb6314276a) revision 703331'; Using compiler version '192528614'; Build Type 'Release'
OS: 'Windows 10 Pro; OS build 18363.1500; Version 1909; 64bit' Language: 'tr' Physical Memory: 32622 MB
BatchMode: 1, IsHumanControllingUs: 0, StartBugReporterOnCrash: 0, Is64bit: 1, IsPro: 0

 COMMAND LINE ARGUMENTS:
C:\Users\musta\Desktop\OyunProgramiEtkinligi\2020.3.4f1\Editor\Unity.exe
-adb2
-batchMode
-noUpm
-name
AssetImportWorker0
-projectPath
C:/Users/musta/Desktop/OyunProgramlamaTekrar/ZikZakBenzeri
-logFile
Logs/AssetImportWorker0.log
-srvPort
53958
Successfully changed project path to: C:/Users/musta/Desktop/OyunProgramlamaTekrar/ZikZakBenzeri
C:/Users/musta/Desktop/OyunProgramlamaTekrar/ZikZakBenzeri
Using Asset Import Pipeline V2.
Unable to join player connection multicast group.

Refreshing native plugins compatible for Editor in 29.69 ms, found 0 plugins.
Preloading 0 native plugins for Editor in 0.00 ms.
Initialize engine version: 2020.3.4f1 (0abb6314276a)
[Subsystems] Discovering subsystems at path C:/Users/musta/Desktop/OyunProgramiEtkinligi/2020.3.4f1/Editor/Data/Resources/UnitySubsystems
[Subsystems] Discovering subsystems at path C:/Users/musta/Desktop/OyunProgramlamaTekrar/ZikZakBenzeri/Assets
GfxDevice: creating device client; threaded=0
Direct3D:
    Version:  Direct3D 11.0 [level 11.1]
    Renderer: NVIDIA GeForce RTX 2060 (ID=0x1f11)
    Vendor:   
    VRAM:     5980 MB
    Driver:   27.21.14.6156
Initialize mono
Mono path[0] = 'C:/Users/musta/Desktop/OyunProgramiEtkinligi/2020.3.4f1/Editor/Data/Managed'
Mono path[1] = 'C:/Users/musta/Desktop/OyunProgramiEtkinligi/2020.3.4f1/Editor/Data/MonoBleedingEdge/lib/mono/unityjit'
Mono config path = 'C:/Users/musta/Desktop/OyunProgramiEtkinligi/2020.3.4f1/Editor/Data/MonoBleedingEdge/etc'
Using monoOptions --debugger-agent=transport=dt_socket,embedding=1,server=y,suspend=n,address=127.0.0.1:56364
Begin MonoManager ReloadAssembly
Registering precompiled unity dll's ...
Register platform support module: C:/Users/musta/Desktop/OyunProgramiEtkinligi/2020.3.4f1/Editor/Data/PlaybackEngines/WindowsStandaloneSupport/UnityEditor.WindowsStandalone.Extensions.dll
Registered in 0.002333 seconds.
Native extension for WindowsStandalone target not found
Refreshing native plugins compatible for Editor in 35.37 ms, found 0 plugins.
Preloading 0 native plugins for Editor in 0.00 ms.
Mono: successfully reloaded assembly
- Completed reload, in  2.317 seconds
Platform modules already initialized, skipping
Registering precompiled user dll's ...
Registered in 0.000790 seconds.
Begin MonoManager ReloadAssembly
Native extension for WindowsStandalone target not found
Refreshing native plugins compatible for Editor in 0.46 ms, found 0 plugins.
Preloading 0 native plugins for Editor in 0.00 ms.
Mono: successfully reloaded assembly
- Completed reload, in  1.106 seconds
Platform modules already initialized, skipping
========================================================================
Worker process is ready to serve import requests
Launched and connected shader compiler UnityShaderCompiler.exe after 0.05 seconds
Refreshing native plugins compatible for Editor in 0.19 ms, found 0 plugins.
Preloading 0 native plugins for Editor in 0.00 ms.
Unloading 1116 Unused Serialized files (Serialized files now loaded: 0)
System memory in use before: 57.3 MB.
System memory in use after: 57.3 MB.

Unloading 10 unused Assets to reduce memory usage. Loaded Objects now: 1558.
Total: 2.106600 ms (FindLiveObjects: 0.130000 ms CreateObjectMapping: 0.038100 ms MarkObjects: 1.841500 ms  DeleteObjects: 0.095600 ms)

========================================================================
Received Import Request.
  path: Assets/kure_hareketi.cs
  artifactKey: Guid(5fd089402f01c3c4f9c4cad137957ed6) Importer(815301076,1909f56bfc062723c751e8b465ee728b)
Start importing Assets/kure_hareketi.cs using Guid(5fd089402f01c3c4f9c4cad137957ed6) Importer(815301076,1909f56bfc062723c751e8b465ee728b)  -> (artifact id: 'b27f9a2c8481e12ea0a7c287ca218cde') in 0.060604 seconds
  Import took 0.062641 seconds .

========================================================================
Received Prepare
Registering precompiled user dll's ...
Registered in 0.000794 seconds.
Begin MonoManager ReloadAssembly
Native extension for WindowsStandalone target not found
Refreshing native plugins compatible for Editor in 0.20 ms, found 0 plugins.
Preloading 0 native plugins for Editor in 0.00 ms.
Mono: successfully reloaded assembly
- Completed reload, in  1.451 seconds
Platform modules already initialized, skipping
Refreshing native plugins compatible for Editor in 0.27 ms, found 0 plugins.
Preloading 0 native plugins for Editor in 0.00 ms.
Unloading 1112 Unused Serialized files (Serialized files now loaded: 0)
System memory in use before: 57.2 MB.
System memory in use after: 57.3 MB.

Unloading 5 unused Assets to reduce memory usage. Loaded Objects now: 1562.
Total: 2.483400 ms (FindLiveObjects: 0.142700 ms CreateObjectMapping: 0.038100 ms MarkObjects: 2.218900 ms  DeleteObjects: 0.082800 ms)

========================================================================
Received Import Request.
  Time since last request: 428.784833 seconds.
  path: Assets/Son_yol.cs
  artifactKey: Guid(3ffb57a39a795894eb7203980d5e5ee1) Importer(815301076,1909f56bfc062723c751e8b465ee728b)
Start importing Assets/Son_yol.cs using Guid(3ffb57a39a795894eb7203980d5e5ee1) Importer(815301076,1909f56bfc062723c751e8b465ee728b)  -> (artifact id: 'c7a0d7e61394ccd3473028f4abcd5da3') in 0.010764 seconds
  Import took 0.013591 seconds .

========================================================================
Received Import Request.
  Time since last request: 225.980657 seconds.
  path: Assets/Son_yol.cs
  artifactKey: Guid(3ffb57a39a795894eb7203980d5e5ee1) Importer(815301076,1909f56bfc062723c751e8b465ee728b)
Start importing Assets/Son_yol.cs using Guid(3ffb57a39a795894eb7203980d5e5ee1) Importer(815301076,1909f56bfc062723c751e8b465ee728b)  -> (artifact id: '967b8b82f55b3652f263f951a3d6812a') in 0.006066 seconds
  Import took 0.008881 seconds .

========================================================================
Received Import Request.
  Time since last request: 0.024223 seconds.
  path: Assets/Son_yol.cs
  artifactKey: Guid(3ffb57a39a795894eb7203980d5e5ee1) Importer(815301076,1909f56bfc062723c751e8b465ee728b)
Start importing Assets/Son_yol.cs using Guid(3ffb57a39a795894eb7203980d5e5ee1) Importer(815301076,1909f56bfc062723c751e8b465ee728b)  -> (artifact id: '967b8b82f55b3652f263f951a3d6812a') in 0.003798 seconds
  Import took 0.006238 seconds .

========================================================================
Received Prepare
Registering precompiled user dll's ...
Registered in 0.000915 seconds.
Begin MonoManager ReloadAssembly
Native extension for WindowsStandalone target not found
Refreshing native plugins compatible for Editor in 0.40 ms, found 0 plugins.
Preloading 0 native plugins for Editor in 0.00 ms.
Mono: successfully reloaded assembly
- Completed reload, in  1.017 seconds
Platform modules already initialized, skipping
Refreshing native plugins compatible for Editor in 0.28 ms, found 0 plugins.
Preloading 0 native plugins for Editor in 0.00 ms.
Unloading 1112 Unused Serialized files (Serialized files now loaded: 0)
System memory in use before: 57.3 MB.
System memory in use after: 57.3 MB.

Unloading 5 unused Assets to reduce memory usage. Loaded Objects now: 1565.
Total: 1.922200 ms (FindLiveObjects: 0.279500 ms CreateObjectMapping: 0.049300 ms MarkObjects: 1.523600 ms  DeleteObjects: 0.068400 ms)

========================================================================
Received Prepare
Registering precompiled user dll's ...
Registered in 0.000891 seconds.
Begin MonoManager ReloadAssembly
Native extension for WindowsStandalone target not found
Refreshing native plugins compatible for Editor in 0.19 ms, found 0 plugins.
Preloading 0 native plugins for Editor in 0.00 ms.
Mono: successfully reloaded assembly
- Completed reload, in  0.877 seconds
Platform modules already initialized, skipping
Refreshing native plugins compatible for Editor in 0.28 ms, found 0 plugins.
Preloading 0 native plugins for Editor in 0.00 ms.
Unloading 1112 Unused Serialized files (Serialized files now loaded: 0)
System memory in use before: 57.3 MB.
System memory in use after: 57.4 MB.

Unloading 5 unused Assets to reduce memory usage. Loaded Objects now: 1568.
Total: 1.644600 ms (FindLiveObjects: 0.207900 ms CreateObjectMapping: 0.059100 ms MarkObjects: 1.322800 ms  DeleteObjects: 0.053100 ms)

========================================================================
Received Import Request.
  Time since last request: 355.173717 seconds.
  path: Assets/kure_hareketi.cs
  artifactKey: Guid(5fd089402f01c3c4f9c4cad137957ed6) Importer(815301076,1909f56bfc062723c751e8b465ee728b)
Start importing Assets/kure_hareketi.cs using Guid(5fd089402f01c3c4f9c4cad137957ed6) Importer(815301076,1909f56bfc062723c751e8b465ee728b)  -> (artifact id: 'eb9d0c8ac625d3423c72b52f9991f5a5') in 0.005092 seconds
  Import took 0.006944 seconds .

========================================================================
Received Import Request.
  Time since last request: 0.003229 seconds.
  path: Assets/kure_hareketi.cs
  artifactKey: Guid(5fd089402f01c3c4f9c4cad137957ed6) Importer(815301076,1909f56bfc062723c751e8b465ee728b)
Start importing Assets/kure_hareketi.cs using Guid(5fd089402f01c3c4f9c4cad137957ed6) Importer(815301076,1909f56bfc062723c751e8b465ee728b)  -> (artifact id: 'eb9d0c8ac625d3423c72b52f9991f5a5') in 0.003117 seconds
  Import took 0.005507 seconds .

========================================================================
Received Prepare
Registering precompiled user dll's ...
Registered in 0.000950 seconds.
Begin MonoManager ReloadAssembly
Native extension for WindowsStandalone target not found
Refreshing native plugins compatible for Editor in 0.21 ms, found 0 plugins.
Preloading 0 native plugins for Editor in 0.00 ms.
Mono: successfully reloaded assembly
- Completed reload, in  1.034 seconds
Platform modules already initialized, skipping
Refreshing native plugins compatible for Editor in 0.29 ms, found 0 plugins.
Preloading 0 native plugins for Editor in 0.00 ms.
Unloading 1112 Unused Serialized files (Serialized files now loaded: 0)
System memory in use before: 57.3 MB.
System memory in use after: 57.4 MB.

Unloading 5 unused Assets to reduce memory usage. Loaded Objects now: 1571.
Total: 2.326600 ms (FindLiveObjects: 0.176300 ms CreateObjectMapping: 0.055600 ms MarkObjects: 2.026800 ms  DeleteObjects: 0.066800 ms)

========================================================================
Received Prepare
Registering precompiled user dll's ...
Registered in 0.000915 seconds.
Begin MonoManager ReloadAssembly
Native extension for WindowsStandalone target not found
Refreshing native plugins compatible for Editor in 0.27 ms, found 0 plugins.
Preloading 0 native plugins for Editor in 0.00 ms.
Mono: successfully reloaded assembly
- Completed reload, in  0.944 seconds
Platform modules already initialized, skipping
Refreshing native plugins compatible for Editor in 0.34 ms, found 0 plugins.
Preloading 0 native plugins for Editor in 0.00 ms.
Unloading 1112 Unused Serialized files (Serialized files now loaded: 0)
System memory in use before: 57.3 MB.
System memory in use after: 57.4 MB.

Unloading 5 unused Assets to reduce memory usage. Loaded Objects now: 1574.
Total: 2.790600 ms (FindLiveObjects: 0.299000 ms CreateObjectMapping: 0.052800 ms MarkObjects: 2.376800 ms  DeleteObjects: 0.060800 ms)

========================================================================
Received Import Request.
  Time since last request: 145.302347 seconds.
  path: Assets
  artifactKey: Guid(00000000000000001000000000000000) Importer(815301076,1909f56bfc062723c751e8b465ee728b)
Start importing Assets using Guid(00000000000000001000000000000000) Importer(815301076,1909f56bfc062723c751e8b465ee728b)  -> (artifact id: '025e4f587c23674256bb898581e82961') in 0.009826 seconds
  Import took 0.012312 seconds .

========================================================================
Received Prepare
Registering precompiled user dll's ...
Registered in 0.000869 seconds.
Begin MonoManager ReloadAssembly
Native extension for WindowsStandalone target not found
Refreshing native plugins compatible for Editor in 0.19 ms, found 0 plugins.
Preloading 0 native plugins for Editor in 0.00 ms.
Mono: successfully reloaded assembly
- Completed reload, in  0.989 seconds
Platform modules already initialized, skipping
Refreshing native plugins compatible for Editor in 0.19 ms, found 0 plugins.
Preloading 0 native plugins for Editor in 0.00 ms.
Unloading 1112 Unused Serialized files (Serialized files now loaded: 0)
System memory in use before: 57.3 MB.
System memory in use after: 57.4 MB.

Unloading 5 unused Assets to reduce memory usage. Loaded Objects now: 1577.
Total: 1.638100 ms (FindLiveObjects: 0.220900 ms CreateObjectMapping: 0.066800 ms MarkObjects: 1.297200 ms  DeleteObjects: 0.051200 ms)

========================================================================
Received Prepare
Registering precompiled user dll's ...
Registered in 0.001377 seconds.
Begin MonoManager ReloadAssembly
Native extension for WindowsStandalone target not found
Refreshing native plugins compatible for Editor in 0.27 ms, found 0 plugins.
Preloading 0 native plugins for Editor in 0.00 ms.
Mono: successfully reloaded assembly
- Completed reload, in  0.927 seconds
Platform modules already initialized, skipping
Refreshing native plugins compatible for Editor in 0.20 ms, found 0 plugins.
Preloading 0 native plugins for Editor in 0.00 ms.
Unloading 1112 Unused Serialized files (Serialized files now loaded: 0)
System memory in use before: 57.3 MB.
System memory in use after: 57.4 MB.

Unloading 5 unused Assets to reduce memory usage. Loaded Objects now: 1580.
Total: 2.299300 ms (FindLiveObjects: 0.170900 ms CreateObjectMapping: 0.044400 ms MarkObjects: 2.017700 ms  DeleteObjects: 0.064900 ms)

========================================================================
Received Import Request.
  Time since last request: 209.881132 seconds.
  path: Assets/New Material.mat
  artifactKey: Guid(7224472bf7ca8464eaa99cf19fc54a55) Importer(815301076,1909f56bfc062723c751e8b465ee728b)
Start importing Assets/New Material.mat using Guid(7224472bf7ca8464eaa99cf19fc54a55) Importer(815301076,1909f56bfc062723c751e8b465ee728b)  -> (artifact id: 'b57caf92b665a8aa83159096bf5c7299') in 0.106281 seconds
  Import took 0.108847 seconds .

========================================================================
Received Import Request.
  Time since last request: 28.695928 seconds.
  path: Assets/yo_materyal.mat
  artifactKey: Guid(340a3413375fd3e49828a9a667330f5b) Importer(815301076,1909f56bfc062723c751e8b465ee728b)
Start importing Assets/yo_materyal.mat using Guid(340a3413375fd3e49828a9a667330f5b) Importer(815301076,1909f56bfc062723c751e8b465ee728b)  -> (artifact id: '93e5bbd1643f287b0264f6977c9c3309') in 0.020399 seconds
  Import took 0.022570 seconds .

========================================================================
Received Prepare
Registering precompiled user dll's ...
Registered in 0.000835 seconds.
Begin MonoManager ReloadAssembly
Native extension for WindowsStandalone target not found
Refreshing native plugins compatible for Editor in 0.20 ms, found 0 plugins.
Preloading 0 native plugins for Editor in 0.00 ms.
Mono: successfully reloaded assembly
- Completed reload, in  1.064 seconds
Platform modules already initialized, skipping
Refreshing native plugins compatible for Editor in 0.25 ms, found 0 plugins.
Preloading 0 native plugins for Editor in 0.00 ms.
Unloading 1112 Unused Serialized files (Serialized files now loaded: 0)
System memory in use before: 60.6 MB.
System memory in use after: 60.7 MB.

Unloading 5 unused Assets to reduce memory usage. Loaded Objects now: 1623.
Total: 1.657400 ms (FindLiveObjects: 0.139400 ms CreateObjectMapping: 0.037500 ms MarkObjects: 1.425100 ms  DeleteObjects: 0.054300 ms)

========================================================================
Received Prepare
Registering precompiled user dll's ...
Registered in 0.000810 seconds.
Begin MonoManager ReloadAssembly
Native extension for WindowsStandalone target not found
Refreshing native plugins compatible for Editor in 0.19 ms, found 0 plugins.
Preloading 0 native plugins for Editor in 0.00 ms.
Mono: successfully reloaded assembly
- Completed reload, in  1.095 seconds
Platform modules already initialized, skipping
Refreshing native plugins compatible for Editor in 0.29 ms, found 0 plugins.
Preloading 0 native plugins for Editor in 0.00 ms.
Unloading 1112 Unused Serialized files (Serialized files now loaded: 0)
System memory in use before: 60.6 MB.
System memory in use after: 60.7 MB.

Unloading 5 unused Assets to reduce memory usage. Loaded Objects now: 1626.
Total: 2.600300 ms (FindLiveObjects: 0.208600 ms CreateObjectMapping: 0.061800 ms MarkObjects: 2.228000 ms  DeleteObjects: 0.100200 ms)

========================================================================
Received Prepare
Registering precompiled user dll's ...
Registered in 0.001019 seconds.
Begin MonoManager ReloadAssembly
Native extension for WindowsStandalone target not found
Refreshing native plugins compatible for Editor in 0.39 ms, found 0 plugins.
Preloading 0 native plugins for Editor in 0.00 ms.
Mono: successfully reloaded assembly
- Completed reload, in  1.437 seconds
Platform modules already initialized, skipping
Refreshing native plugins compatible for Editor in 0.19 ms, found 0 plugins.
Preloading 0 native plugins for Editor in 0.00 ms.
Unloading 1113 Unused Serialized files (Serialized files now loaded: 0)
System memory in use before: 60.7 MB.
System memory in use after: 60.7 MB.

Unloading 5 unused Assets to reduce memory usage. Loaded Objects now: 1630.
Total: 1.611200 ms (FindLiveObjects: 0.126500 ms CreateObjectMapping: 0.032300 ms MarkObjects: 1.404900 ms  DeleteObjects: 0.046400 ms)

========================================================================
Received Import Request.
  Time since last request: 1363.283959 seconds.
  path: Assets/takipci_kamera.cs
  artifactKey: Guid(d7f878e5705e04241904bcf816cf1018) Importer(815301076,1909f56bfc062723c751e8b465ee728b)
Start importing Assets/takipci_kamera.cs using Guid(d7f878e5705e04241904bcf816cf1018) Importer(815301076,1909f56bfc062723c751e8b465ee728b)  -> (artifact id: 'b6e104caecf6d6b5a240442ee80223de') in 0.011945 seconds
  Import took 0.015731 seconds .

========================================================================
Received Prepare
Registering precompiled user dll's ...
Registered in 0.000717 seconds.
Begin MonoManager ReloadAssembly
Native extension for WindowsStandalone target not found
Refreshing native plugins compatible for Editor in 0.19 ms, found 0 plugins.
Preloading 0 native plugins for Editor in 0.00 ms.
Mono: successfully reloaded assembly
- Completed reload, in  0.858 seconds
Platform modules already initialized, skipping
Refreshing native plugins compatible for Editor in 0.20 ms, found 0 plugins.
Preloading 0 native plugins for Editor in 0.00 ms.
Unloading 1113 Unused Serialized files (Serialized files now loaded: 0)
System memory in use before: 60.7 MB.
System memory in use after: 60.7 MB.

Unloading 5 unused Assets to reduce memory usage. Loaded Objects now: 1633.
Total: 1.667100 ms (FindLiveObjects: 0.152100 ms CreateObjectMapping: 0.063900 ms MarkObjects: 1.392100 ms  DeleteObjects: 0.057500 ms)

========================================================================
Received Import Request.
  Time since last request: 183.371507 seconds.
  path: Assets/takipci_kamera.cs
  artifactKey: Guid(d7f878e5705e04241904bcf816cf1018) Importer(815301076,1909f56bfc062723c751e8b465ee728b)
Start importing Assets/takipci_kamera.cs using Guid(d7f878e5705e04241904bcf816cf1018) Importer(815301076,1909f56bfc062723c751e8b465ee728b)  -> (artifact id: '657c62372ffbf0e39903645428d4634a') in 0.004292 seconds
  Import took 0.006040 seconds .

========================================================================
Received Import Request.
  Time since last request: 50.104237 seconds.
  path: Assets/top_materyal.mat
  artifactKey: Guid(7224472bf7ca8464eaa99cf19fc54a55) Importer(815301076,1909f56bfc062723c751e8b465ee728b)
Start importing Assets/top_materyal.mat using Guid(7224472bf7ca8464eaa99cf19fc54a55) Importer(815301076,1909f56bfc062723c751e8b465ee728b)  -> (artifact id: 'd46ae9277c09bcacbf0d1bb370e145a1') in 0.071142 seconds
  Import took 0.073887 seconds .

========================================================================
Received Import Request.
  Time since last request: 0.000362 seconds.
  path: Assets/yo_materyal.mat
  artifactKey: Guid(340a3413375fd3e49828a9a667330f5b) Importer(815301076,1909f56bfc062723c751e8b465ee728b)
Start importing Assets/yo_materyal.mat using Guid(340a3413375fd3e49828a9a667330f5b) Importer(815301076,1909f56bfc062723c751e8b465ee728b)  -> (artifact id: '5f378f122de4ffcffc8c8bbc22167446') in 0.017382 seconds
  Import took 0.020063 seconds .

========================================================================
Received Prepare
Registering precompiled user dll's ...
Registered in 0.000727 seconds.
Begin MonoManager ReloadAssembly
Native extension for WindowsStandalone target not found
Refreshing native plugins compatible for Editor in 0.22 ms, found 0 plugins.
Preloading 0 native plugins for Editor in 0.00 ms.
Mono: successfully reloaded assembly
- Completed reload, in  1.003 seconds
Platform modules already initialized, skipping
Refreshing native plugins compatible for Editor in 0.33 ms, found 0 plugins.
Preloading 0 native plugins for Editor in 0.00 ms.
Unloading 1113 Unused Serialized files (Serialized files now loaded: 0)
System memory in use before: 60.7 MB.
System memory in use after: 60.7 MB.

Unloading 5 unused Assets to reduce memory usage. Loaded Objects now: 1637.
Total: 1.487400 ms (FindLiveObjects: 0.130200 ms CreateObjectMapping: 0.032500 ms MarkObjects: 1.276500 ms  DeleteObjects: 0.047200 ms)

========================================================================
Received Prepare
Registering precompiled user dll's ...
Registered in 0.000936 seconds.
Begin MonoManager ReloadAssembly
Native extension for WindowsStandalone target not found
Refreshing native plugins compatible for Editor in 0.23 ms, found 0 plugins.
Preloading 0 native plugins for Editor in 0.00 ms.
Mono: successfully reloaded assembly
- Completed reload, in  1.192 seconds
Platform modules already initialized, skipping
Refreshing native plugins compatible for Editor in 0.20 ms, found 0 plugins.
Preloading 0 native plugins for Editor in 0.00 ms.
Unloading 1113 Unused Serialized files (Serialized files now loaded: 0)
System memory in use before: 60.7 MB.
System memory in use after: 60.8 MB.

Unloading 5 unused Assets to reduce memory usage. Loaded Objects now: 1640.
Total: 1.767400 ms (FindLiveObjects: 0.136300 ms CreateObjectMapping: 0.035900 ms MarkObjects: 1.545000 ms  DeleteObjects: 0.049200 ms)

========================================================================
Received Prepare
Registering precompiled user dll's ...
Registered in 0.000930 seconds.
Begin MonoManager ReloadAssembly
Native extension for WindowsStandalone target not found
Refreshing native plugins compatible for Editor in 0.19 ms, found 0 plugins.
Preloading 0 native plugins for Editor in 0.00 ms.
Mono: successfully reloaded assembly
- Completed reload, in  1.087 seconds
Platform modules already initialized, skipping
Refreshing native plugins compatible for Editor in 0.19 ms, found 0 plugins.
Preloading 0 native plugins for Editor in 0.00 ms.
Unloading 1113 Unused Serialized files (Serialized files now loaded: 0)
System memory in use before: 60.7 MB.
System memory in use after: 60.8 MB.

Unloading 5 unused Assets to reduce memory usage. Loaded Objects now: 1643.
Total: 1.713000 ms (FindLiveObjects: 0.135700 ms CreateObjectMapping: 0.036400 ms MarkObjects: 1.472200 ms  DeleteObjects: 0.067200 ms)

========================================================================
Received Prepare
Registering precompiled user dll's ...
Registered in 0.001234 seconds.
Begin MonoManager ReloadAssembly
Native extension for WindowsStandalone target not found
Refreshing native plugins compatible for Editor in 0.28 ms, found 0 plugins.
Preloading 0 native plugins for Editor in 0.00 ms.
Mono: successfully reloaded assembly
- Completed reload, in  0.954 seconds
Platform modules already initialized, skipping
Refreshing native plugins compatible for Editor in 0.27 ms, found 0 plugins.
Preloading 0 native plugins for Editor in 0.00 ms.
Unloading 1113 Unused Serialized files (Serialized files now loaded: 0)
System memory in use before: 60.7 MB.
System memory in use after: 60.8 MB.

Unloading 5 unused Assets to reduce memory usage. Loaded Objects now: 1646.
Total: 1.524400 ms (FindLiveObjects: 0.141300 ms CreateObjectMapping: 0.037800 ms MarkObjects: 1.292000 ms  DeleteObjects: 0.051800 ms)

========================================================================
Received Import Request.
  Time since last request: 1706.457704 seconds.
  path: ProjectSettings/TagManager.asset
  artifactKey: Guid(00000000000000003000000000000000) Importer(815301076,1909f56bfc062723c751e8b465ee728b)
Start importing ProjectSettings/TagManager.asset using Guid(00000000000000003000000000000000) Importer(815301076,1909f56bfc062723c751e8b465ee728b)  -> (artifact id: '5cdd425f01cf626211dd37e1af0dc49e') in 0.026923 seconds
  Import took 0.029779 seconds .

========================================================================
Received Prepare
Registering precompiled user dll's ...
Registered in 0.000795 seconds.
Begin MonoManager ReloadAssembly
Native extension for WindowsStandalone target not found
Refreshing native plugins compatible for Editor in 0.33 ms, found 0 plugins.
Preloading 0 native plugins for Editor in 0.00 ms.
Mono: successfully reloaded assembly
- Completed reload, in  1.039 seconds
Platform modules already initialized, skipping
Refreshing native plugins compatible for Editor in 0.18 ms, found 0 plugins.
Preloading 0 native plugins for Editor in 0.00 ms.
Unloading 1113 Unused Serialized files (Serialized files now loaded: 0)
System memory in use before: 60.7 MB.
System memory in use after: 60.8 MB.

Unloading 6 unused Assets to reduce memory usage. Loaded Objects now: 1649.
Total: 2.316200 ms (FindLiveObjects: 0.236000 ms CreateObjectMapping: 0.063400 ms MarkObjects: 1.936900 ms  DeleteObjects: 0.078400 ms)

========================================================================
Received Prepare
Registering precompiled user dll's ...
Registered in 0.000702 seconds.
Begin MonoManager ReloadAssembly
Native extension for WindowsStandalone target not found
Refreshing native plugins compatible for Editor in 0.19 ms, found 0 plugins.
Preloading 0 native plugins for Editor in 0.00 ms.
Mono: successfully reloaded assembly
- Completed reload, in  0.957 seconds
Platform modules already initialized, skipping
Refreshing native plugins compatible for Editor in 0.29 ms, found 0 plugins.
Preloading 0 native plugins for Editor in 0.00 ms.
Unloading 1113 Unused Serialized files (Serialized files now loaded: 0)
System memory in use before: 60.7 MB.
System memory in use after: 60.8 MB.

Unloading 5 unused Assets to reduce memory usage. Loaded Objects now: 1652.
Total: 1.691400 ms (FindLiveObjects: 0.192500 ms CreateObjectMapping: 0.058300 ms MarkObjects: 1.390900 ms  DeleteObjects: 0.048400 ms)

